<?xml version="1.0" encoding="UTF-8"?>
<coverage generated="1638082884220" clover="3.2.0">
  <project timestamp="1638082884220" name="All files">
    <metrics statements="25" coveredstatements="20" conditionals="0" coveredconditionals="0" methods="8" coveredmethods="7" elements="33" coveredelements="27" complexity="0" loc="25" ncloc="25" packages="3" files="5" classes="5"/>
    <package name="vuedex">
      <metrics statements="2" coveredstatements="0" conditionals="0" coveredconditionals="0" methods="0" coveredmethods="0"/>
      <file name="babel.config.js" path="/home/tastyycode/p/l/courses/platzi/Curso_De_Testing_Con_Vuejs/vuedex/babel.config.js">
        <metrics statements="1" coveredstatements="0" conditionals="0" coveredconditionals="0" methods="0" coveredmethods="0"/>
        <line num="1" count="0" type="stmt"/>
      </file>
      <file name="jest.config.js" path="/home/tastyycode/p/l/courses/platzi/Curso_De_Testing_Con_Vuejs/vuedex/jest.config.js">
        <metrics statements="1" coveredstatements="0" conditionals="0" coveredconditionals="0" methods="0" coveredmethods="0"/>
        <line num="1" count="0" type="stmt"/>
      </file>
    </package>
    <package name="vuedex.public">
      <metrics statements="2" coveredstatements="2" conditionals="0" coveredconditionals="0" methods="2" coveredmethods="2"/>
      <file name="mockCall.js" path="/home/tastyycode/p/l/courses/platzi/Curso_De_Testing_Con_Vuejs/vuedex/public/mockCall.js">
        <metrics statements="2" coveredstatements="2" conditionals="0" coveredconditionals="0" methods="2" coveredmethods="2"/>
        <line num="2" count="4" type="stmt"/>
        <line num="43" count="4" type="stmt"/>
      </file>
    </package>
    <package name="vuedex.src">
      <metrics statements="21" coveredstatements="18" conditionals="0" coveredconditionals="0" methods="6" coveredmethods="5"/>
      <file name="App.vue" path="/home/tastyycode/p/l/courses/platzi/Curso_De_Testing_Con_Vuejs/vuedex/src/App.vue">
        <metrics statements="18" coveredstatements="18" conditionals="0" coveredconditionals="0" methods="5" coveredmethods="5"/>
        <line num="29" count="3" type="stmt"/>
        <line num="30" count="3" type="stmt"/>
        <line num="37" count="3" type="stmt"/>
        <line num="50" count="6" type="stmt"/>
        <line num="77" count="4" type="stmt"/>
        <line num="78" count="4" type="stmt"/>
        <line num="79" count="4" type="stmt"/>
        <line num="80" count="4" type="stmt"/>
        <line num="81" count="3" type="stmt"/>
        <line num="82" count="3" type="stmt"/>
        <line num="83" count="3" type="stmt"/>
        <line num="84" count="3" type="stmt"/>
        <line num="85" count="3" type="stmt"/>
        <line num="86" count="3" type="stmt"/>
        <line num="88" count="1" type="stmt"/>
        <line num="97" count="3" type="stmt"/>
        <line num="100" count="3" type="stmt"/>
        <line num="101" count="3" type="stmt"/>
      </file>
      <file name="main.js" path="/home/tastyycode/p/l/courses/platzi/Curso_De_Testing_Con_Vuejs/vuedex/src/main.js">
        <metrics statements="3" coveredstatements="0" conditionals="0" coveredconditionals="0" methods="1" coveredmethods="0"/>
        <line num="4" count="0" type="stmt"/>
        <line num="6" count="0" type="stmt"/>
        <line num="7" count="0" type="stmt"/>
      </file>
    </package>
  </project>
</coverage>
