{"/home/tastyycode/p/l/courses/platzi/Curso_De_Testing_Con_Vuejs/vuedex/babel.config.js": {"path":"/home/tastyycode/p/l/courses/platzi/Curso_De_Testing_Con_Vuejs/vuedex/babel.config.js","statementMap":{"0":{"start":{"line":1,"column":0},"end":{"line":5,"column":1}}},"fnMap":{},"branchMap":{},"s":{"0":0},"f":{},"b":{},"hash":"b27cef4a64dadeaeb22605493face94c6acf4a37"}
,"/home/tastyycode/p/l/courses/platzi/Curso_De_Testing_Con_Vuejs/vuedex/jest.config.js": {"path":"/home/tastyycode/p/l/courses/platzi/Curso_De_Testing_Con_Vuejs/vuedex/jest.config.js","statementMap":{"0":{"start":{"line":1,"column":0},"end":{"line":5,"column":1}}},"fnMap":{},"branchMap":{},"s":{"0":0},"f":{},"b":{},"hash":"bf8a38b50d21d4d9305caaadff3d0d233f5888cb"}
,"/home/tastyycode/p/l/courses/platzi/Curso_De_Testing_Con_Vuejs/vuedex/public/mockCall.js": {"path":"/home/tastyycode/p/l/courses/platzi/Curso_De_Testing_Con_Vuejs/vuedex/public/mockCall.js","statementMap":{"0":{"start":{"line":2,"column":1},"end":{"line":41,"column":1}},"1":{"start":{"line":43,"column":25},"end":{"line":43,"column":71}},"2":{"start":{"line":43,"column":31},"end":{"line":43,"column":71}},"3":{"start":{"line":43,"column":54},"end":{"line":43,"column":70}}},"fnMap":{"0":{"name":"(anonymous_0)","decl":{"start":{"line":43,"column":25},"end":{"line":43,"column":26}},"loc":{"start":{"line":43,"column":31},"end":{"line":43,"column":71}},"line":43},"1":{"name":"(anonymous_1)","decl":{"start":{"line":43,"column":43},"end":{"line":43,"column":44}},"loc":{"start":{"line":43,"column":54},"end":{"line":43,"column":70}},"line":43}},"branchMap":{},"s":{"0":4,"1":4,"2":4,"3":4},"f":{"0":4,"1":4},"b":{},"_coverageSchema":"43e27e138ebf9cfc5966b082cf9a028302ed4184","hash":"9041e763aef707fff1c1634e687e33ffae1cb00a"}
,"/home/tastyycode/p/l/courses/platzi/Curso_De_Testing_Con_Vuejs/vuedex/src/App.vue": {"path":"/home/tastyycode/p/l/courses/platzi/Curso_De_Testing_Con_Vuejs/vuedex/src/App.vue","statementMap":{"0":{"start":{"line":29,"column":0},"end":{"line":29,"column":null}},"1":{"start":{"line":30,"column":0},"end":{"line":30,"column":null}},"2":{"start":{"line":37,"column":0},"end":{"line":37,"column":null}},"3":{"start":{"line":50,"column":0},"end":{"line":50,"column":null}},"4":{"start":{"line":77,"column":0},"end":{"line":77,"column":null}},"5":{"start":{"line":78,"column":0},"end":{"line":89,"column":null}},"6":{"start":{"line":79,"column":0},"end":{"line":79,"column":null}},"7":{"start":{"line":80,"column":0},"end":{"line":80,"column":null}},"8":{"start":{"line":81,"column":0},"end":{"line":81,"column":null}},"9":{"start":{"line":82,"column":0},"end":{"line":82,"column":null}},"10":{"start":{"line":83,"column":0},"end":{"line":83,"column":null}},"11":{"start":{"line":84,"column":0},"end":{"line":84,"column":null}},"12":{"start":{"line":85,"column":0},"end":{"line":85,"column":null}},"13":{"start":{"line":86,"column":0},"end":{"line":86,"column":null}},"14":{"start":{"line":88,"column":0},"end":{"line":88,"column":null}},"15":{"start":{"line":97,"column":0},"end":{"line":102,"column":null}},"16":{"start":{"line":100,"column":0},"end":{"line":100,"column":null}},"17":{"start":{"line":101,"column":0},"end":{"line":101,"column":null}}},"fnMap":{"0":{"name":"(anonymous_1)","decl":{"start":{"line":36,"column":0},"end":{"line":36,"column":null}},"loc":{"start":{"line":36,"column":0},"end":{"line":47,"column":null}}},"1":{"name":"(anonymous_2)","decl":{"start":{"line":49,"column":0},"end":{"line":49,"column":null}},"loc":{"start":{"line":49,"column":0},"end":{"line":51,"column":null}}},"2":{"name":"(anonymous_3)","decl":{"start":{"line":76,"column":0},"end":{"line":76,"column":null}},"loc":{"start":{"line":76,"column":0},"end":{"line":90,"column":null}}},"3":{"name":"(anonymous_4)","decl":{"start":{"line":92,"column":0},"end":{"line":92,"column":null}},"loc":{"start":{"line":92,"column":0},"end":{"line":104,"column":null}}},"4":{"name":"(anonymous_5)","decl":{"start":{"line":97,"column":0},"end":{"line":97,"column":null}},"loc":{"start":{"line":97,"column":0},"end":{"line":102,"column":null}}}},"branchMap":{},"s":{"0":3,"1":3,"2":3,"3":6,"4":4,"5":4,"6":4,"7":4,"8":3,"9":3,"10":3,"11":3,"12":3,"13":3,"14":1,"15":3,"16":3,"17":3},"f":{"0":3,"1":6,"2":4,"3":3,"4":3},"b":{}}
,"/home/tastyycode/p/l/courses/platzi/Curso_De_Testing_Con_Vuejs/vuedex/src/main.js": {"path":"/home/tastyycode/p/l/courses/platzi/Curso_De_Testing_Con_Vuejs/vuedex/src/main.js","statementMap":{"0":{"start":{"line":4,"column":0},"end":{"line":4,"column":32}},"1":{"start":{"line":6,"column":0},"end":{"line":8,"column":17}},"2":{"start":{"line":7,"column":15},"end":{"line":7,"column":21}}},"fnMap":{"0":{"name":"(anonymous_0)","decl":{"start":{"line":7,"column":10},"end":{"line":7,"column":11}},"loc":{"start":{"line":7,"column":15},"end":{"line":7,"column":21}},"line":7}},"branchMap":{},"s":{"0":0,"1":0,"2":0},"f":{"0":0},"b":{},"hash":"22769385da9e2de21bdd9404ced9786347dc3024"}
}
