TN:
SF:/home/tastyycode/p/l/courses/platzi/Curso_De_Testing_Con_Vuejs/vuedex/babel.config.js
FNF:0
FNH:0
DA:1,0
LF:1
LH:0
BRF:0
BRH:0
end_of_record
TN:
SF:/home/tastyycode/p/l/courses/platzi/Curso_De_Testing_Con_Vuejs/vuedex/jest.config.js
FNF:0
FNH:0
DA:1,0
LF:1
LH:0
BRF:0
BRH:0
end_of_record
TN:
SF:/home/tastyycode/p/l/courses/platzi/Curso_De_Testing_Con_Vuejs/vuedex/public/mockCall.js
FN:43,(anonymous_0)
FN:43,(anonymous_1)
FNF:2
FNH:2
FNDA:4,(anonymous_0)
FNDA:4,(anonymous_1)
DA:2,4
DA:43,4
LF:2
LH:2
BRF:0
BRH:0
end_of_record
TN:
SF:/home/tastyycode/p/l/courses/platzi/Curso_De_Testing_Con_Vuejs/vuedex/src/App.vue
FN:36,(anonymous_1)
FN:49,(anonymous_2)
FN:76,(anonymous_3)
FN:92,(anonymous_4)
FN:97,(anonymous_5)
FNF:5
FNH:5
FNDA:3,(anonymous_1)
FNDA:6,(anonymous_2)
FNDA:4,(anonymous_3)
FNDA:3,(anonymous_4)
FNDA:3,(anonymous_5)
DA:29,3
DA:30,3
DA:37,3
DA:50,6
DA:77,4
DA:78,4
DA:79,4
DA:80,4
DA:81,3
DA:82,3
DA:83,3
DA:84,3
DA:85,3
DA:86,3
DA:88,1
DA:97,3
DA:100,3
DA:101,3
LF:18
LH:18
BRF:0
BRH:0
end_of_record
TN:
SF:/home/tastyycode/p/l/courses/platzi/Curso_De_Testing_Con_Vuejs/vuedex/src/main.js
FN:7,(anonymous_0)
FNF:1
FNH:0
FNDA:0,(anonymous_0)
DA:4,0
DA:6,0
DA:7,0
LF:3
LH:0
BRF:0
BRH:0
end_of_record
